<?xml version="1.0" encoding="UTF-8"?>
<testng-results ignored="0" total="1" passed="1" failed="0" skipped="0">
  <reporter-output>
  </reporter-output>
  <suite started-at="2024-05-01T21:45:37 IST" name="Default suite" finished-at="2024-05-01T21:48:59 IST" duration-ms="201670">
    <groups>
    </groups>
    <test started-at="2024-05-01T21:45:37 IST" name="Default test" finished-at="2024-05-01T21:48:59 IST" duration-ms="201670">
      <class name="ManUTDRegression.test.SingUpTest">
        <test-method is-config="true" signature="beforeSuite(org.testng.ITestContext)[pri:0, instance:ManUTDRegression.test.SingUpTest@41a2befb]" started-at="2024-05-01T21:45:36 IST" name="beforeSuite" finished-at="2024-05-01T21:45:37 IST" duration-ms="1014" status="PASS">
          <params>
            <param index="0">
              <value>
                <![CDATA[org.testng.TestRunner@4331be30]]>
              </value>
            </param>
          </params>
          <reporter-output>
          </reporter-output>
        </test-method> <!-- beforeSuite -->
        <test-method is-config="true" signature="init(org.testng.ITestContext)[pri:0, instance:ManUTDRegression.test.SingUpTest@41a2befb]" started-at="2024-05-01T21:45:37 IST" name="init" finished-at="2024-05-01T21:46:05 IST" duration-ms="27230" status="PASS">
          <params>
            <param index="0">
              <value>
                <![CDATA[org.testng.TestRunner@4331be30]]>
              </value>
            </param>
          </params>
          <reporter-output>
          </reporter-output>
        </test-method> <!-- init -->
        <test-method signature="runSingUp(java.lang.String)[pri:0, instance:ManUTDRegression.test.SingUpTest@41a2befb]" started-at="2024-05-01T21:46:06 IST" name="runSingUp" data-provider="SingUp" finished-at="2024-05-01T21:48:58 IST" duration-ms="172139" status="PASS">
          <params>
            <param index="0">
              <value>
                <![CDATA[Pradeep]]>
              </value>
            </param>
          </params>
          <reporter-output>
          </reporter-output>
        </test-method> <!-- runSingUp -->
        <test-method is-config="true" signature="cleanUp()[pri:0, instance:ManUTDRegression.test.SingUpTest@41a2befb]" started-at="2024-05-01T21:48:58 IST" name="cleanUp" finished-at="2024-05-01T21:48:59 IST" duration-ms="1266" status="PASS">
          <reporter-output>
          </reporter-output>
        </test-method> <!-- cleanUp -->
      </class> <!-- ManUTDRegression.test.SingUpTest -->
    </test> <!-- Default test -->
  </suite> <!-- Default suite -->
</testng-results>
