<?xml version="1.0" encoding="UTF-8"?>
<!-- Generated by org.testng.reporters.JUnitXMLReporter -->
<testsuite ignored="0" hostname="IN-5CG01711RJ" failures="1" tests="1" name="ExecuteTest" time="176.337" errors="0" timestamp="2024-04-23T20:19:38 IST">
  <testcase classname="ManUTDRegression.test.BaseTest" name="@AfterClass cleanUp" time="0.845">
    <failure type="org.openqa.selenium.WebDriverException" message="An unknown error has occurred
Build info: version: &amp;apos;4.10.0&amp;apos;, revision: &amp;apos;c14d967899&amp;apos;
System info: os.name: &amp;apos;Windows 10&amp;apos;, os.arch: &amp;apos;amd64&amp;apos;, os.version: &amp;apos;10.0&amp;apos;, java.version: &amp;apos;17&amp;apos;
Driver info: io.appium.java_client.android.AndroidDriver
Command: [3d486900b03063cb3a1e56b407d8ac7290358eb2, quit {}]
Capabilities {appium:appActivity: com.manutd.ui.activity.Spla..., appium:appPackage: com.mu.muclubapp.staging_mu..., appium:automationName: uiautomator2, appium:browserstack.key: myzal82yr4hmhgzpqghy, appium:browserstack.user: elamathivijayasa_braxh3, appium:chromedriverArgs: [--adb-port=5038], appium:chromedriverPort: 18080, appium:chromedriverPorts: [[18100, 18110]], appium:databaseEnabled: false, appium:desired: {appActivity: com.manutd.ui.activity.Spla..., appPackage: com.mu.muclubapp.staging_mu..., automationName: uiautomator2, browserstack.key: myzal82yr4hmhgzpqghy, browserstack.user: elamathivijayasa_braxh3, bstack:options: {accessKey: myzaL82yR4HMHGzpqghY, userName: elamathivijayasa_BRaXh3}, chromedriverArgs: [--adb-port=5038], chromedriverPort: 18080, chromedriverPorts: [[18100, 18110]], device: google pixel 7, deviceName: google pixel 7, disableSuppressAccessibilityService: true, goog:chromeOptions: {}, interactiveDebugging: true, nativeWebScreenshot: true, newCommandTimeout: 0, platformName: Android, skipServerInstallation: true, systemPort: 8200, udid: 28241FDH200GKZ}, appium:device: google pixel 7, appium:deviceApiLevel: 33, appium:deviceManufacturer: Google, appium:deviceModel: Pixel 7, appium:deviceName: 28241FDH200GKZ, appium:deviceScreenDensity: 420, appium:deviceScreenSize: 1080x2400, appium:deviceUDID: 28241FDH200GKZ, appium:disableSuppressAccessibilityService: true, appium:interactiveDebugging: true, appium:javascriptEnabled: true, appium:locationContextEnabled: false, appium:nativeWebScreenshot: true, appium:networkConnectionEnabled: true, appium:newCommandTimeout: 0, appium:pixelRatio: 2.625, appium:platformVersion: 13, appium:skipServerInstallation: true, appium:statBarHeight: 118, appium:systemPort: 8200, appium:takesScreenshot: true, appium:udid: 28241FDH200GKZ, appium:viewportRect: {height: 2101, left: 0, top: 118, width: 1080}, appium:warnings: {}, appium:webStorageEnabled: false, bstack:options: {accessKey: myzaL82yR4HMHGzpqghY, userName: elamathivijayasa_BRaXh3}, goog:chromeOptions: {}, platformName: ANDROID}
Session ID: 3d486900b03063cb3a1e56b407d8ac7290358eb2">
      <![CDATA[org.openqa.selenium.WebDriverException: An unknown error has occurred
Build info: version: '4.10.0', revision: 'c14d967899'
System info: os.name: 'Windows 10', os.arch: 'amd64', os.version: '10.0', java.version: '17'
Driver info: io.appium.java_client.android.AndroidDriver
Command: [3d486900b03063cb3a1e56b407d8ac7290358eb2, quit {}]
Capabilities {appium:appActivity: com.manutd.ui.activity.Spla..., appium:appPackage: com.mu.muclubapp.staging_mu..., appium:automationName: uiautomator2, appium:browserstack.key: myzal82yr4hmhgzpqghy, appium:browserstack.user: elamathivijayasa_braxh3, appium:chromedriverArgs: [--adb-port=5038], appium:chromedriverPort: 18080, appium:chromedriverPorts: [[18100, 18110]], appium:databaseEnabled: false, appium:desired: {appActivity: com.manutd.ui.activity.Spla..., appPackage: com.mu.muclubapp.staging_mu..., automationName: uiautomator2, browserstack.key: myzal82yr4hmhgzpqghy, browserstack.user: elamathivijayasa_braxh3, bstack:options: {accessKey: myzaL82yR4HMHGzpqghY, userName: elamathivijayasa_BRaXh3}, chromedriverArgs: [--adb-port=5038], chromedriverPort: 18080, chromedriverPorts: [[18100, 18110]], device: google pixel 7, deviceName: google pixel 7, disableSuppressAccessibilityService: true, goog:chromeOptions: {}, interactiveDebugging: true, nativeWebScreenshot: true, newCommandTimeout: 0, platformName: Android, skipServerInstallation: true, systemPort: 8200, udid: 28241FDH200GKZ}, appium:device: google pixel 7, appium:deviceApiLevel: 33, appium:deviceManufacturer: Google, appium:deviceModel: Pixel 7, appium:deviceName: 28241FDH200GKZ, appium:deviceScreenDensity: 420, appium:deviceScreenSize: 1080x2400, appium:deviceUDID: 28241FDH200GKZ, appium:disableSuppressAccessibilityService: true, appium:interactiveDebugging: true, appium:javascriptEnabled: true, appium:locationContextEnabled: false, appium:nativeWebScreenshot: true, appium:networkConnectionEnabled: true, appium:newCommandTimeout: 0, appium:pixelRatio: 2.625, appium:platformVersion: 13, appium:skipServerInstallation: true, appium:statBarHeight: 118, appium:systemPort: 8200, appium:takesScreenshot: true, appium:udid: 28241FDH200GKZ, appium:viewportRect: {height: 2101, left: 0, top: 118, width: 1080}, appium:warnings: {}, appium:webStorageEnabled: false, bstack:options: {accessKey: myzaL82yR4HMHGzpqghY, userName: elamathivijayasa_BRaXh3}, goog:chromeOptions: {}, platformName: ANDROID}
Session ID: 3d486900b03063cb3a1e56b407d8ac7290358eb2
at org.openqa.selenium.remote.codec.w3c.W3CHttpResponseCodec.createException(W3CHttpResponseCodec.java:199)
at org.openqa.selenium.remote.codec.w3c.W3CHttpResponseCodec.decode(W3CHttpResponseCodec.java:132)
at org.openqa.selenium.remote.codec.w3c.W3CHttpResponseCodec.decode(W3CHttpResponseCodec.java:51)
at org.openqa.selenium.remote.HttpCommandExecutor.execute(HttpCommandExecutor.java:191)
at io.appium.java_client.remote.AppiumCommandExecutor.execute(AppiumCommandExecutor.java:262)
at org.openqa.selenium.remote.RemoteWebDriver.execute(RemoteWebDriver.java:531)
at org.openqa.selenium.remote.RemoteWebDriver.execute(RemoteWebDriver.java:590)
at io.appium.java_client.AppiumDriver.execute(AppiumDriver.java:272)
at org.openqa.selenium.remote.RemoteWebDriver.quit(RemoteWebDriver.java:446)
at ManUTDRegression.test.BaseTest.cleanUp(BaseTest.java:42)
at java.base/java.util.ArrayList.forEach(ArrayList.java:1511)
... Removed 35 stack frames]]>
    </failure>
  </testcase> <!-- @AfterClass cleanUp -->
  <testcase classname="ManUTDRegression.test.SingUpTest" name="runSingUp" time="144.82">
    <failure type="org.openqa.selenium.WebDriverException" message="An unknown error has occurred
Build info: version: &amp;apos;4.10.0&amp;apos;, revision: &amp;apos;c14d967899&amp;apos;
System info: os.name: &amp;apos;Windows 10&amp;apos;, os.arch: &amp;apos;amd64&amp;apos;, os.version: &amp;apos;10.0&amp;apos;, java.version: &amp;apos;17&amp;apos;
Driver info: io.appium.java_client.android.AndroidDriver
Command: [3d486900b03063cb3a1e56b407d8ac7290358eb2, getContextHandles {}]
Capabilities {appium:appActivity: com.manutd.ui.activity.Spla..., appium:appPackage: com.mu.muclubapp.staging_mu..., appium:automationName: uiautomator2, appium:browserstack.key: myzal82yr4hmhgzpqghy, appium:browserstack.user: elamathivijayasa_braxh3, appium:chromedriverArgs: [--adb-port=5038], appium:chromedriverPort: 18080, appium:chromedriverPorts: [[18100, 18110]], appium:databaseEnabled: false, appium:desired: {appActivity: com.manutd.ui.activity.Spla..., appPackage: com.mu.muclubapp.staging_mu..., automationName: uiautomator2, browserstack.key: myzal82yr4hmhgzpqghy, browserstack.user: elamathivijayasa_braxh3, bstack:options: {accessKey: myzaL82yR4HMHGzpqghY, userName: elamathivijayasa_BRaXh3}, chromedriverArgs: [--adb-port=5038], chromedriverPort: 18080, chromedriverPorts: [[18100, 18110]], device: google pixel 7, deviceName: google pixel 7, disableSuppressAccessibilityService: true, goog:chromeOptions: {}, interactiveDebugging: true, nativeWebScreenshot: true, newCommandTimeout: 0, platformName: Android, skipServerInstallation: true, systemPort: 8200, udid: 28241FDH200GKZ}, appium:device: google pixel 7, appium:deviceApiLevel: 33, appium:deviceManufacturer: Google, appium:deviceModel: Pixel 7, appium:deviceName: 28241FDH200GKZ, appium:deviceScreenDensity: 420, appium:deviceScreenSize: 1080x2400, appium:deviceUDID: 28241FDH200GKZ, appium:disableSuppressAccessibilityService: true, appium:interactiveDebugging: true, appium:javascriptEnabled: true, appium:locationContextEnabled: false, appium:nativeWebScreenshot: true, appium:networkConnectionEnabled: true, appium:newCommandTimeout: 0, appium:pixelRatio: 2.625, appium:platformVersion: 13, appium:skipServerInstallation: true, appium:statBarHeight: 118, appium:systemPort: 8200, appium:takesScreenshot: true, appium:udid: 28241FDH200GKZ, appium:viewportRect: {height: 2101, left: 0, top: 118, width: 1080}, appium:warnings: {}, appium:webStorageEnabled: false, bstack:options: {accessKey: myzaL82yR4HMHGzpqghY, userName: elamathivijayasa_BRaXh3}, goog:chromeOptions: {}, platformName: ANDROID}
Session ID: 3d486900b03063cb3a1e56b407d8ac7290358eb2">
      <![CDATA[org.openqa.selenium.WebDriverException: An unknown error has occurred
Build info: version: '4.10.0', revision: 'c14d967899'
System info: os.name: 'Windows 10', os.arch: 'amd64', os.version: '10.0', java.version: '17'
Driver info: io.appium.java_client.android.AndroidDriver
Command: [3d486900b03063cb3a1e56b407d8ac7290358eb2, getContextHandles {}]
Capabilities {appium:appActivity: com.manutd.ui.activity.Spla..., appium:appPackage: com.mu.muclubapp.staging_mu..., appium:automationName: uiautomator2, appium:browserstack.key: myzal82yr4hmhgzpqghy, appium:browserstack.user: elamathivijayasa_braxh3, appium:chromedriverArgs: [--adb-port=5038], appium:chromedriverPort: 18080, appium:chromedriverPorts: [[18100, 18110]], appium:databaseEnabled: false, appium:desired: {appActivity: com.manutd.ui.activity.Spla..., appPackage: com.mu.muclubapp.staging_mu..., automationName: uiautomator2, browserstack.key: myzal82yr4hmhgzpqghy, browserstack.user: elamathivijayasa_braxh3, bstack:options: {accessKey: myzaL82yR4HMHGzpqghY, userName: elamathivijayasa_BRaXh3}, chromedriverArgs: [--adb-port=5038], chromedriverPort: 18080, chromedriverPorts: [[18100, 18110]], device: google pixel 7, deviceName: google pixel 7, disableSuppressAccessibilityService: true, goog:chromeOptions: {}, interactiveDebugging: true, nativeWebScreenshot: true, newCommandTimeout: 0, platformName: Android, skipServerInstallation: true, systemPort: 8200, udid: 28241FDH200GKZ}, appium:device: google pixel 7, appium:deviceApiLevel: 33, appium:deviceManufacturer: Google, appium:deviceModel: Pixel 7, appium:deviceName: 28241FDH200GKZ, appium:deviceScreenDensity: 420, appium:deviceScreenSize: 1080x2400, appium:deviceUDID: 28241FDH200GKZ, appium:disableSuppressAccessibilityService: true, appium:interactiveDebugging: true, appium:javascriptEnabled: true, appium:locationContextEnabled: false, appium:nativeWebScreenshot: true, appium:networkConnectionEnabled: true, appium:newCommandTimeout: 0, appium:pixelRatio: 2.625, appium:platformVersion: 13, appium:skipServerInstallation: true, appium:statBarHeight: 118, appium:systemPort: 8200, appium:takesScreenshot: true, appium:udid: 28241FDH200GKZ, appium:viewportRect: {height: 2101, left: 0, top: 118, width: 1080}, appium:warnings: {}, appium:webStorageEnabled: false, bstack:options: {accessKey: myzaL82yR4HMHGzpqghY, userName: elamathivijayasa_BRaXh3}, goog:chromeOptions: {}, platformName: ANDROID}
Session ID: 3d486900b03063cb3a1e56b407d8ac7290358eb2
at org.openqa.selenium.remote.codec.w3c.W3CHttpResponseCodec.createException(W3CHttpResponseCodec.java:199)
at org.openqa.selenium.remote.codec.w3c.W3CHttpResponseCodec.decode(W3CHttpResponseCodec.java:132)
at org.openqa.selenium.remote.codec.w3c.W3CHttpResponseCodec.decode(W3CHttpResponseCodec.java:51)
at org.openqa.selenium.remote.HttpCommandExecutor.execute(HttpCommandExecutor.java:191)
at io.appium.java_client.remote.AppiumCommandExecutor.execute(AppiumCommandExecutor.java:262)
at org.openqa.selenium.remote.RemoteWebDriver.execute(RemoteWebDriver.java:531)
at org.openqa.selenium.remote.RemoteWebDriver.execute(RemoteWebDriver.java:590)
at io.appium.java_client.AppiumDriver.execute(AppiumDriver.java:267)
at io.appium.java_client.remote.SupportsContextSwitching.getContextHandles(SupportsContextSwitching.java:58)
at ManUTDRegression.framework.generic.GenericLib.switchToWebViewContext(GenericLib.java:2600)
at ManUTDRegression.pom.singuppage.SingUp.test(SingUp.java:67)
at ManUTDRegression.test.SingUpTest.runSingUp(SingUpTest.java:25)
at java.base/java.util.ArrayList.forEach(ArrayList.java:1511)
... Removed 36 stack frames]]>
    </failure>
  </testcase> <!-- runSingUp -->
</testsuite> <!-- ExecuteTest -->
